Transactions in the MemPool: 

Txn: ecf77769d2ae7930216b0b0b68c92e8fdc6df6cdb077b89637c4bfa3fb903809
Sent from: 04111d6a45ac1fb90508907a7abcd6877649df662f3b3e2741302df6f78416824a0696911c478eaffbb90d48dbff065952f070008996daca4ca9a111d42108e9d0
To: 04d7ec238cd058837f44315fb8db2134f01daea15c10320c9173e7d5f68ff2d9d0ef2379ac378b3cd6456c61ce6b5e404113347792d55d4ce74f6817f6b4399b1b
Amount of 1 SupaCoins, Timestamp: 1650628167908
Txn: fe2ec85334a8be051406fe1037b3dcaed283ff927448852d61543df784c62f98
Sent from: 04111d6a45ac1fb90508907a7abcd6877649df662f3b3e2741302df6f78416824a0696911c478eaffbb90d48dbff065952f070008996daca4ca9a111d42108e9d0
To: 0x000000000000000000000000000000000000dead
Amount of 2 SupaCoins, Timestamp: 1650628167919
Txn: 596aa2659cf517760e37cf53beb55a683aca5a0a1faf5c0550085eff7278ce57
Sent from: 04111d6a45ac1fb90508907a7abcd6877649df662f3b3e2741302df6f78416824a0696911c478eaffbb90d48dbff065952f070008996daca4ca9a111d42108e9d0
To: 04b8f552c4a991a5dfbee766647d1ccf5812a177e7a2d742debc61219e435ea9af1936602d4679f532ff64891ab611be5ed491bc9619bd21e07748bdd80e86843e
Amount of 1 SupaCoins, Timestamp: 1650628167921
Txn: 75c749bcaf4e709ec7576b24f9cb0401b748cb59c61de976d6158785e03c3d05
Sent from: 04111d6a45ac1fb90508907a7abcd6877649df662f3b3e2741302df6f78416824a0696911c478eaffbb90d48dbff065952f070008996daca4ca9a111d42108e9d0
To: 0x000000000000000000000000000000000000dead
Amount of 2 SupaCoins, Timestamp: 1650628167928
Txn: 569142e2ce665e4adc77695b7c6b77d0e69cfa8d383bc702e7cd3d7bfdd683c1
Sent from: 04111d6a45ac1fb90508907a7abcd6877649df662f3b3e2741302df6f78416824a0696911c478eaffbb90d48dbff065952f070008996daca4ca9a111d42108e9d0
To: 04d7ec238cd058837f44315fb8db2134f01daea15c10320c9173e7d5f68ff2d9d0ef2379ac378b3cd6456c61ce6b5e404113347792d55d4ce74f6817f6b4399b1b
Amount of 1 SupaCoins, Timestamp: 1650628167931
Txn: 821ed7fc758afdc87bc68290560fc97de4e440c4bc9b006dba68d64cd8bb68d4
Sent from: 04111d6a45ac1fb90508907a7abcd6877649df662f3b3e2741302df6f78416824a0696911c478eaffbb90d48dbff065952f070008996daca4ca9a111d42108e9d0
To: 0x000000000000000000000000000000000000dead
Amount of 2 SupaCoins, Timestamp: 1650628167942
Txn: 67b34ed80c8486fdcf28c49a1cbee6a22d5005fc5a7c4a4d570cc33e2653bfe8
Sent from: 04111d6a45ac1fb90508907a7abcd6877649df662f3b3e2741302df6f78416824a0696911c478eaffbb90d48dbff065952f070008996daca4ca9a111d42108e9d0
To: 04b8f552c4a991a5dfbee766647d1ccf5812a177e7a2d742debc61219e435ea9af1936602d4679f532ff64891ab611be5ed491bc9619bd21e07748bdd80e86843e
Amount of 1 SupaCoins, Timestamp: 1650628167946
Txn: 47e824acadf102f35db817c68433ac307e5aa7bed3c080a464f0a1ab328f5c8a
Sent from: 04111d6a45ac1fb90508907a7abcd6877649df662f3b3e2741302df6f78416824a0696911c478eaffbb90d48dbff065952f070008996daca4ca9a111d42108e9d0
To: 0x000000000000000000000000000000000000dead
Amount of 2 SupaCoins, Timestamp: 1650628167951
Txn: fc68a48834737dfb709914e6959d78e269fd67a2d69b921408c2494822c0aab0
Sent from: 04111d6a45ac1fb90508907a7abcd6877649df662f3b3e2741302df6f78416824a0696911c478eaffbb90d48dbff065952f070008996daca4ca9a111d42108e9d0
To: 04d7ec238cd058837f44315fb8db2134f01daea15c10320c9173e7d5f68ff2d9d0ef2379ac378b3cd6456c61ce6b5e404113347792d55d4ce74f6817f6b4399b1b
Amount of 1 SupaCoins, Timestamp: 1650628167952
Txn: 2263d9c22a6fe46682b90281a1d3727d239241fb162ca78af7020b2f17021dab
Sent from: 04111d6a45ac1fb90508907a7abcd6877649df662f3b3e2741302df6f78416824a0696911c478eaffbb90d48dbff065952f070008996daca4ca9a111d42108e9d0
To: 0x000000000000000000000000000000000000dead
Amount of 2 SupaCoins, Timestamp: 1650628167963
Txn: 21e1f93decb01c3f66567016cc0d3b49a8ad6951dcbd93af3b230b720563b348
Sent from: 04111d6a45ac1fb90508907a7abcd6877649df662f3b3e2741302df6f78416824a0696911c478eaffbb90d48dbff065952f070008996daca4ca9a111d42108e9d0
To: 04b8f552c4a991a5dfbee766647d1ccf5812a177e7a2d742debc61219e435ea9af1936602d4679f532ff64891ab611be5ed491bc9619bd21e07748bdd80e86843e
Amount of 1 SupaCoins, Timestamp: 1650628167966
Txn: 80ccbe5b0fb5a3c804b0f7797fb20c9e67b7b111790c317171944a530d1944e7
Sent from: 04111d6a45ac1fb90508907a7abcd6877649df662f3b3e2741302df6f78416824a0696911c478eaffbb90d48dbff065952f070008996daca4ca9a111d42108e9d0
To: 0x000000000000000000000000000000000000dead
Amount of 2 SupaCoins, Timestamp: 1650628167972
Txn: 26bb8aec08ed65787e7efce3d23fee7a4d31d628710d92cdf0b91b97a3dc2844
Sent from: 04111d6a45ac1fb90508907a7abcd6877649df662f3b3e2741302df6f78416824a0696911c478eaffbb90d48dbff065952f070008996daca4ca9a111d42108e9d0
To: 04d7ec238cd058837f44315fb8db2134f01daea15c10320c9173e7d5f68ff2d9d0ef2379ac378b3cd6456c61ce6b5e404113347792d55d4ce74f6817f6b4399b1b
Amount of 1 SupaCoins, Timestamp: 1650628167974
Txn: 0e273aca4d47600b7b2ba2a5739492d253d1715bbf43d5afd0bf9f307af18561
Sent from: 04111d6a45ac1fb90508907a7abcd6877649df662f3b3e2741302df6f78416824a0696911c478eaffbb90d48dbff065952f070008996daca4ca9a111d42108e9d0
To: 0x000000000000000000000000000000000000dead
Amount of 2 SupaCoins, Timestamp: 1650628167981
Txn: ac5a51a63ed724d2e5522b74eb4c291fee14f0ae1a00ff0d7029bb6f57156a31
Sent from: 04111d6a45ac1fb90508907a7abcd6877649df662f3b3e2741302df6f78416824a0696911c478eaffbb90d48dbff065952f070008996daca4ca9a111d42108e9d0
To: 04b8f552c4a991a5dfbee766647d1ccf5812a177e7a2d742debc61219e435ea9af1936602d4679f532ff64891ab611be5ed491bc9619bd21e07748bdd80e86843e
Amount of 1 SupaCoins, Timestamp: 1650628167983
Txn: d0f6153225d46625e32c069d609b39ca92b481669cd726969efae8ce1df1656a
Sent from: 04111d6a45ac1fb90508907a7abcd6877649df662f3b3e2741302df6f78416824a0696911c478eaffbb90d48dbff065952f070008996daca4ca9a111d42108e9d0
To: 0x000000000000000000000000000000000000dead
Amount of 2 SupaCoins, Timestamp: 1650628167990
Txn: 7ce82b9c1e550aa9d7a944c6a2b75ee2d2d8b459a0c8f5009deeb6358749f9c0
Sent from: 04111d6a45ac1fb90508907a7abcd6877649df662f3b3e2741302df6f78416824a0696911c478eaffbb90d48dbff065952f070008996daca4ca9a111d42108e9d0
To: 04d7ec238cd058837f44315fb8db2134f01daea15c10320c9173e7d5f68ff2d9d0ef2379ac378b3cd6456c61ce6b5e404113347792d55d4ce74f6817f6b4399b1b
Amount of 1 SupaCoins, Timestamp: 1650628167992
Txn: 7f404621f55831e86209bfb67ab3e74541cef9f035c57891314bae9a722f9c7b
Sent from: 04111d6a45ac1fb90508907a7abcd6877649df662f3b3e2741302df6f78416824a0696911c478eaffbb90d48dbff065952f070008996daca4ca9a111d42108e9d0
To: 0x000000000000000000000000000000000000dead
Amount of 2 SupaCoins, Timestamp: 1650628167999
Txn: 336244bb27b5f2fafbb83324f66f545a8d4205b798c59a9665c0343902f568c5
Sent from: 04111d6a45ac1fb90508907a7abcd6877649df662f3b3e2741302df6f78416824a0696911c478eaffbb90d48dbff065952f070008996daca4ca9a111d42108e9d0
To: 04b8f552c4a991a5dfbee766647d1ccf5812a177e7a2d742debc61219e435ea9af1936602d4679f532ff64891ab611be5ed491bc9619bd21e07748bdd80e86843e
Amount of 1 SupaCoins, Timestamp: 1650628168001
Txn: 18ea192df5fabffd87f6a8d4fa4a167c825e2149b9f286d65bdc94061bdffc97
Sent from: 04111d6a45ac1fb90508907a7abcd6877649df662f3b3e2741302df6f78416824a0696911c478eaffbb90d48dbff065952f070008996daca4ca9a111d42108e9d0
To: 0x000000000000000000000000000000000000dead
Amount of 2 SupaCoins, Timestamp: 1650628168004
Txn: ef857b18dd02d5214b4e350605622840b468cdb3c3008b54314d11f45691ea11
Sent from: 04111d6a45ac1fb90508907a7abcd6877649df662f3b3e2741302df6f78416824a0696911c478eaffbb90d48dbff065952f070008996daca4ca9a111d42108e9d0
To: 04d7ec238cd058837f44315fb8db2134f01daea15c10320c9173e7d5f68ff2d9d0ef2379ac378b3cd6456c61ce6b5e404113347792d55d4ce74f6817f6b4399b1b
Amount of 1 SupaCoins, Timestamp: 1650628168005
Txn: c1cf544daaed6caa1ca2af1766427566468dc5aa9b4c4857dfef9457d596f28e
Sent from: 04111d6a45ac1fb90508907a7abcd6877649df662f3b3e2741302df6f78416824a0696911c478eaffbb90d48dbff065952f070008996daca4ca9a111d42108e9d0
To: 0x000000000000000000000000000000000000dead
Amount of 2 SupaCoins, Timestamp: 1650628168008
Txn: 891704bcead5ca72a6aa8268628a638263566e050c757c7f29cad0b5dfb289ff
Sent from: 04111d6a45ac1fb90508907a7abcd6877649df662f3b3e2741302df6f78416824a0696911c478eaffbb90d48dbff065952f070008996daca4ca9a111d42108e9d0
To: 04b8f552c4a991a5dfbee766647d1ccf5812a177e7a2d742debc61219e435ea9af1936602d4679f532ff64891ab611be5ed491bc9619bd21e07748bdd80e86843e
Amount of 1 SupaCoins, Timestamp: 1650628168009
Txn: 0d22f80d1ab1633aec6031b533e26f154c7859f0ed4e67823458a402de834c4c
Sent from: 04111d6a45ac1fb90508907a7abcd6877649df662f3b3e2741302df6f78416824a0696911c478eaffbb90d48dbff065952f070008996daca4ca9a111d42108e9d0
To: 0x000000000000000000000000000000000000dead
Amount of 2 SupaCoins, Timestamp: 1650628168012
Txn: f3f72415e37ddd375807dc5e32c562e21f10b0b5b2b05889d3b8a3f26e95c965
Sent from: 04111d6a45ac1fb90508907a7abcd6877649df662f3b3e2741302df6f78416824a0696911c478eaffbb90d48dbff065952f070008996daca4ca9a111d42108e9d0
To: 04d7ec238cd058837f44315fb8db2134f01daea15c10320c9173e7d5f68ff2d9d0ef2379ac378b3cd6456c61ce6b5e404113347792d55d4ce74f6817f6b4399b1b
Amount of 1 SupaCoins, Timestamp: 1650628168013
Txn: a5d6996d0c39b4281711b22469e89b4e4e9741341dfccb023038cd7d9d1e213e
Sent from: 04111d6a45ac1fb90508907a7abcd6877649df662f3b3e2741302df6f78416824a0696911c478eaffbb90d48dbff065952f070008996daca4ca9a111d42108e9d0
To: 0x000000000000000000000000000000000000dead
Amount of 2 SupaCoins, Timestamp: 1650628168017
Txn: 90bc4973db16646346fe4ef516bca96a783186d8bea5e3dcb659a975184e074f
Sent from: 04111d6a45ac1fb90508907a7abcd6877649df662f3b3e2741302df6f78416824a0696911c478eaffbb90d48dbff065952f070008996daca4ca9a111d42108e9d0
To: 04b8f552c4a991a5dfbee766647d1ccf5812a177e7a2d742debc61219e435ea9af1936602d4679f532ff64891ab611be5ed491bc9619bd21e07748bdd80e86843e
Amount of 1 SupaCoins, Timestamp: 1650628168018
Txn: 71c7b3c9952426f49c8bbc02dedbf5467a0fc797710b4f161d4495b5f693233f
Sent from: 04111d6a45ac1fb90508907a7abcd6877649df662f3b3e2741302df6f78416824a0696911c478eaffbb90d48dbff065952f070008996daca4ca9a111d42108e9d0
To: 0x000000000000000000000000000000000000dead
Amount of 2 SupaCoins, Timestamp: 1650628168021
Txn: 603bcbae73265f3c53eb47b8979e8fbcdccc8d1e0d746ad144da0107c5e55316
Sent from: 04111d6a45ac1fb90508907a7abcd6877649df662f3b3e2741302df6f78416824a0696911c478eaffbb90d48dbff065952f070008996daca4ca9a111d42108e9d0
To: 04d7ec238cd058837f44315fb8db2134f01daea15c10320c9173e7d5f68ff2d9d0ef2379ac378b3cd6456c61ce6b5e404113347792d55d4ce74f6817f6b4399b1b
Amount of 1 SupaCoins, Timestamp: 1650628168022
Txn: 6e7a9bf471cf148942b8fe71698b040faca8a2cf5fc561ab6de8d44a50a91048
Sent from: 04111d6a45ac1fb90508907a7abcd6877649df662f3b3e2741302df6f78416824a0696911c478eaffbb90d48dbff065952f070008996daca4ca9a111d42108e9d0
To: 0x000000000000000000000000000000000000dead
Amount of 2 SupaCoins, Timestamp: 1650628168030
Txn: 994690fbf93f00268808855aa8430ad7d2bb2d992fe7f5ca004ef6301045871a
Sent from: 04111d6a45ac1fb90508907a7abcd6877649df662f3b3e2741302df6f78416824a0696911c478eaffbb90d48dbff065952f070008996daca4ca9a111d42108e9d0
To: 04b8f552c4a991a5dfbee766647d1ccf5812a177e7a2d742debc61219e435ea9af1936602d4679f532ff64891ab611be5ed491bc9619bd21e07748bdd80e86843e
Amount of 1 SupaCoins, Timestamp: 1650628168032
Txn: 99e42dc966d441ac0e6214578d509743893e59feb3438a940304e9af7f956a78
Sent from: 04111d6a45ac1fb90508907a7abcd6877649df662f3b3e2741302df6f78416824a0696911c478eaffbb90d48dbff065952f070008996daca4ca9a111d42108e9d0
To: 0x000000000000000000000000000000000000dead
Amount of 2 SupaCoins, Timestamp: 1650628168038
Txn: e6c42102a41faaaa58600424ebe831a245640a875812eeae35fd3c4f056e21b5
Sent from: 04111d6a45ac1fb90508907a7abcd6877649df662f3b3e2741302df6f78416824a0696911c478eaffbb90d48dbff065952f070008996daca4ca9a111d42108e9d0
To: 04d7ec238cd058837f44315fb8db2134f01daea15c10320c9173e7d5f68ff2d9d0ef2379ac378b3cd6456c61ce6b5e404113347792d55d4ce74f6817f6b4399b1b
Amount of 1 SupaCoins, Timestamp: 1650628168039
Txn: 3309a8043e640eeedd7c0ac082663f0e1a30dd1747a0637f54da32b2f98d73fd
Sent from: 04111d6a45ac1fb90508907a7abcd6877649df662f3b3e2741302df6f78416824a0696911c478eaffbb90d48dbff065952f070008996daca4ca9a111d42108e9d0
To: 0x000000000000000000000000000000000000dead
Amount of 2 SupaCoins, Timestamp: 1650628168041
Txn: b8688eb56a1cd0b8e73de9fa757c4ab23cf1bf810e806ae7315c7b92448d7d3d
Sent from: 04111d6a45ac1fb90508907a7abcd6877649df662f3b3e2741302df6f78416824a0696911c478eaffbb90d48dbff065952f070008996daca4ca9a111d42108e9d0
To: 04b8f552c4a991a5dfbee766647d1ccf5812a177e7a2d742debc61219e435ea9af1936602d4679f532ff64891ab611be5ed491bc9619bd21e07748bdd80e86843e
Amount of 1 SupaCoins, Timestamp: 1650628168043
Txn: 55677f21908beacd254df27e11f2958608c8afdca52cc25246ce9460216d5d9b
Sent from: 04111d6a45ac1fb90508907a7abcd6877649df662f3b3e2741302df6f78416824a0696911c478eaffbb90d48dbff065952f070008996daca4ca9a111d42108e9d0
To: 0x000000000000000000000000000000000000dead
Amount of 2 SupaCoins, Timestamp: 1650628168047
Txn: 42617d55424c17ceb0a4eddd2e8b5c430c5bdb883115095a28bfa676aba8cfa0
Sent from: 04111d6a45ac1fb90508907a7abcd6877649df662f3b3e2741302df6f78416824a0696911c478eaffbb90d48dbff065952f070008996daca4ca9a111d42108e9d0
To: 04d7ec238cd058837f44315fb8db2134f01daea15c10320c9173e7d5f68ff2d9d0ef2379ac378b3cd6456c61ce6b5e404113347792d55d4ce74f6817f6b4399b1b
Amount of 1 SupaCoins, Timestamp: 1650628168048
Txn: 4725f525f4814c88f2c5e2c409da2b7fb4c4888f35be18de2f79135148664daf
Sent from: 04111d6a45ac1fb90508907a7abcd6877649df662f3b3e2741302df6f78416824a0696911c478eaffbb90d48dbff065952f070008996daca4ca9a111d42108e9d0
To: 0x000000000000000000000000000000000000dead
Amount of 2 SupaCoins, Timestamp: 1650628168050
Txn: 2a5fa5ea55f1cb5f60bccd828e25ca95c658d7c5d381ec868384d37d39afc1db
Sent from: 04111d6a45ac1fb90508907a7abcd6877649df662f3b3e2741302df6f78416824a0696911c478eaffbb90d48dbff065952f070008996daca4ca9a111d42108e9d0
To: 04b8f552c4a991a5dfbee766647d1ccf5812a177e7a2d742debc61219e435ea9af1936602d4679f532ff64891ab611be5ed491bc9619bd21e07748bdd80e86843e
Amount of 1 SupaCoins, Timestamp: 1650628168051
Txn: 39b10aed297d39d9ad51883b71c066cab6928c1fb291e0fd34cc271f564b97c2
Sent from: 04111d6a45ac1fb90508907a7abcd6877649df662f3b3e2741302df6f78416824a0696911c478eaffbb90d48dbff065952f070008996daca4ca9a111d42108e9d0
To: 0x000000000000000000000000000000000000dead
Amount of 2 SupaCoins, Timestamp: 1650628168054
Txn: d481edfe4a0a48e70c8991de8626a96628b6618ef97ea1d912e86e235ca5c9dc
Sent from: 04111d6a45ac1fb90508907a7abcd6877649df662f3b3e2741302df6f78416824a0696911c478eaffbb90d48dbff065952f070008996daca4ca9a111d42108e9d0
To: 04d7ec238cd058837f44315fb8db2134f01daea15c10320c9173e7d5f68ff2d9d0ef2379ac378b3cd6456c61ce6b5e404113347792d55d4ce74f6817f6b4399b1b
Amount of 1 SupaCoins, Timestamp: 1650628168055
Txn: 22de41d9749bee041f7c5c2a1d5237f91c16b2c120d5d201a4f20994535a7385
Sent from: 04111d6a45ac1fb90508907a7abcd6877649df662f3b3e2741302df6f78416824a0696911c478eaffbb90d48dbff065952f070008996daca4ca9a111d42108e9d0
To: 0x000000000000000000000000000000000000dead
Amount of 2 SupaCoins, Timestamp: 1650628168058
Txn: c3eabdd17aeb452f8f20d29e951be22340c325a033c9135794898e76ebc56b1d
Sent from: 04111d6a45ac1fb90508907a7abcd6877649df662f3b3e2741302df6f78416824a0696911c478eaffbb90d48dbff065952f070008996daca4ca9a111d42108e9d0
To: 04b8f552c4a991a5dfbee766647d1ccf5812a177e7a2d742debc61219e435ea9af1936602d4679f532ff64891ab611be5ed491bc9619bd21e07748bdd80e86843e
Amount of 1 SupaCoins, Timestamp: 1650628168059
Txn: ff059c775e2892e58b426b60ff00b3d8e9bacaacf87df38f61c7901d818f8157
Sent from: 04111d6a45ac1fb90508907a7abcd6877649df662f3b3e2741302df6f78416824a0696911c478eaffbb90d48dbff065952f070008996daca4ca9a111d42108e9d0
To: 0x000000000000000000000000000000000000dead
Amount of 2 SupaCoins, Timestamp: 1650628168065
Txn: a704cf6c7da81cf4b5596c0a9dbd3ca485276a6193386c6af1d23a78dfb1116f
Sent from: 04111d6a45ac1fb90508907a7abcd6877649df662f3b3e2741302df6f78416824a0696911c478eaffbb90d48dbff065952f070008996daca4ca9a111d42108e9d0
To: 04d7ec238cd058837f44315fb8db2134f01daea15c10320c9173e7d5f68ff2d9d0ef2379ac378b3cd6456c61ce6b5e404113347792d55d4ce74f6817f6b4399b1b
Amount of 1 SupaCoins, Timestamp: 1650628168067
Txn: b8accba48cf1242d050495f66074b38bd557e42663b5aa99fe3a9d8f8b891be5
Sent from: 04111d6a45ac1fb90508907a7abcd6877649df662f3b3e2741302df6f78416824a0696911c478eaffbb90d48dbff065952f070008996daca4ca9a111d42108e9d0
To: 0x000000000000000000000000000000000000dead
Amount of 2 SupaCoins, Timestamp: 1650628168070
Txn: 193614d10d3cefdb05b5d9fcf6db397b9cf29e67d990faee850c9310f345157b
Sent from: 04111d6a45ac1fb90508907a7abcd6877649df662f3b3e2741302df6f78416824a0696911c478eaffbb90d48dbff065952f070008996daca4ca9a111d42108e9d0
To: 04b8f552c4a991a5dfbee766647d1ccf5812a177e7a2d742debc61219e435ea9af1936602d4679f532ff64891ab611be5ed491bc9619bd21e07748bdd80e86843e
Amount of 1 SupaCoins, Timestamp: 1650628168071
Txn: acae753a51a207c179f39dae4d8c293af7e5a36e96c72e54c67a8bad53cba007
Sent from: 04111d6a45ac1fb90508907a7abcd6877649df662f3b3e2741302df6f78416824a0696911c478eaffbb90d48dbff065952f070008996daca4ca9a111d42108e9d0
To: 0x000000000000000000000000000000000000dead
Amount of 2 SupaCoins, Timestamp: 1650628168074
Txn: a89ee5b1bf7c79391b7abb846a8302223cfe1f3335d2338d3684854a44e6a6be
Sent from: 04111d6a45ac1fb90508907a7abcd6877649df662f3b3e2741302df6f78416824a0696911c478eaffbb90d48dbff065952f070008996daca4ca9a111d42108e9d0
To: 04d7ec238cd058837f44315fb8db2134f01daea15c10320c9173e7d5f68ff2d9d0ef2379ac378b3cd6456c61ce6b5e404113347792d55d4ce74f6817f6b4399b1b
Amount of 1 SupaCoins, Timestamp: 1650628168075
Txn: 0a046df05215a0e1f73e00e4b70b0145201d17bcec1a8df8212ab33b8216cf86
Sent from: 04111d6a45ac1fb90508907a7abcd6877649df662f3b3e2741302df6f78416824a0696911c478eaffbb90d48dbff065952f070008996daca4ca9a111d42108e9d0
To: 0x000000000000000000000000000000000000dead
Amount of 2 SupaCoins, Timestamp: 1650628168078
Txn: 35347be7e512799cc4c04ec8fd5c70447511c9748e511ed2ac91c94f859aa15c
Sent from: 04111d6a45ac1fb90508907a7abcd6877649df662f3b3e2741302df6f78416824a0696911c478eaffbb90d48dbff065952f070008996daca4ca9a111d42108e9d0
To: 04b8f552c4a991a5dfbee766647d1ccf5812a177e7a2d742debc61219e435ea9af1936602d4679f532ff64891ab611be5ed491bc9619bd21e07748bdd80e86843e
Amount of 1 SupaCoins, Timestamp: 1650628168079
Txn: 7a77edc54a1198b4c4de652a0cecc279c9c2aa002b9c6d3bf2f3f28d99a7d1b4
Sent from: 04111d6a45ac1fb90508907a7abcd6877649df662f3b3e2741302df6f78416824a0696911c478eaffbb90d48dbff065952f070008996daca4ca9a111d42108e9d0
To: 0x000000000000000000000000000000000000dead
Amount of 2 SupaCoins, Timestamp: 1650628168082
Txn: cfa5b5a76133f72f50081ee572a91f1ebf49596799e2857df65df676acfa9977
Sent from: 04111d6a45ac1fb90508907a7abcd6877649df662f3b3e2741302df6f78416824a0696911c478eaffbb90d48dbff065952f070008996daca4ca9a111d42108e9d0
To: 04d7ec238cd058837f44315fb8db2134f01daea15c10320c9173e7d5f68ff2d9d0ef2379ac378b3cd6456c61ce6b5e404113347792d55d4ce74f6817f6b4399b1b
Amount of 1 SupaCoins, Timestamp: 1650628168082
Txn: 8e559e219268db9d1ab64ac7e4a28f4ee4b592f5423bbc049b8fb359a9e46b24
Sent from: 04111d6a45ac1fb90508907a7abcd6877649df662f3b3e2741302df6f78416824a0696911c478eaffbb90d48dbff065952f070008996daca4ca9a111d42108e9d0
To: 0x000000000000000000000000000000000000dead
Amount of 2 SupaCoins, Timestamp: 1650628168085
Txn: 9828f703b58585ea5cee66a219bc106b123e402286b3e714b43233b70f8c81b4
Sent from: 04111d6a45ac1fb90508907a7abcd6877649df662f3b3e2741302df6f78416824a0696911c478eaffbb90d48dbff065952f070008996daca4ca9a111d42108e9d0
To: 04b8f552c4a991a5dfbee766647d1ccf5812a177e7a2d742debc61219e435ea9af1936602d4679f532ff64891ab611be5ed491bc9619bd21e07748bdd80e86843e
Amount of 1 SupaCoins, Timestamp: 1650628168086
Txn: ecc051754fb33b974637d87cbd1be3569dad590e62822aaed135f23f49c86a5c
Sent from: 04111d6a45ac1fb90508907a7abcd6877649df662f3b3e2741302df6f78416824a0696911c478eaffbb90d48dbff065952f070008996daca4ca9a111d42108e9d0
To: 0x000000000000000000000000000000000000dead
Amount of 2 SupaCoins, Timestamp: 1650628168088
Txn: 7519c69c30a58a7be90e76ef2bdb8005247cb3f69eb6095c8aea4dd8129bd350
Sent from: 04111d6a45ac1fb90508907a7abcd6877649df662f3b3e2741302df6f78416824a0696911c478eaffbb90d48dbff065952f070008996daca4ca9a111d42108e9d0
To: 04d7ec238cd058837f44315fb8db2134f01daea15c10320c9173e7d5f68ff2d9d0ef2379ac378b3cd6456c61ce6b5e404113347792d55d4ce74f6817f6b4399b1b
Amount of 1 SupaCoins, Timestamp: 1650628168089
Txn: 48de024c7c8a8ca740dd55f4285f44fd51f064e69308680ad9b235eab92ab190
Sent from: 04111d6a45ac1fb90508907a7abcd6877649df662f3b3e2741302df6f78416824a0696911c478eaffbb90d48dbff065952f070008996daca4ca9a111d42108e9d0
To: 0x000000000000000000000000000000000000dead
Amount of 2 SupaCoins, Timestamp: 1650628168092
Txn: d7e4ccafc58e0f491f483f69f35936ccd69746b8f14790c73e3bee33b3a6fd8f
Sent from: 04111d6a45ac1fb90508907a7abcd6877649df662f3b3e2741302df6f78416824a0696911c478eaffbb90d48dbff065952f070008996daca4ca9a111d42108e9d0
To: 04b8f552c4a991a5dfbee766647d1ccf5812a177e7a2d742debc61219e435ea9af1936602d4679f532ff64891ab611be5ed491bc9619bd21e07748bdd80e86843e
Amount of 1 SupaCoins, Timestamp: 1650628168093
Txn: cccbd3b1a3e1aaddbfc4b750701bbb8bd6017c4fa74f64b163043777ef99f88a
Sent from: 04111d6a45ac1fb90508907a7abcd6877649df662f3b3e2741302df6f78416824a0696911c478eaffbb90d48dbff065952f070008996daca4ca9a111d42108e9d0
To: 0x000000000000000000000000000000000000dead
Amount of 2 SupaCoins, Timestamp: 1650628168095